CRITICAL - 2024-10-15 09:09:33 --> CodeIgniter\View\Exceptions\ViewException: Invalid file: "components/css/custom_deck.php"
[Method: GET, Route: about]
in SYSTEMPATH\Exceptions\FrameworkException.php on line 41.
 1 SYSTEMPATH\View\View.php(222): CodeIgniter\Exceptions\FrameworkException::forInvalidFile('components/css/custom_deck.php')
 2 SYSTEMPATH\View\View.php(487): CodeIgniter\View\View->render('components/css/custom_deck', null, true)
 3 APPPATH\Views\components\top_layer.php(10): CodeIgniter\View\View->include('components/css/custom_deck')
 4 SYSTEMPATH\View\View.php(234): include('C:\\xampp\\htdocs\\WST-TX32-A1-Tolentino\\app\\Views\\components\\top_layer.php')
 5 SYSTEMPATH\View\View.php(237): CodeIgniter\View\View->CodeIgniter\View\{closure}()
 6 SYSTEMPATH\View\View.php(487): CodeIgniter\View\View->render('components/top_layer', null, true)
 7 APPPATH\Views\layout\main_layout.php(1): CodeIgniter\View\View->include('components/top_layer')
 8 SYSTEMPATH\View\View.php(234): include('C:\\xampp\\htdocs\\WST-TX32-A1-Tolentino\\app\\Views\\layout\\main_layout.php')
 9 SYSTEMPATH\View\View.php(237): CodeIgniter\View\View->CodeIgniter\View\{closure}()
10 SYSTEMPATH\View\View.php(250): CodeIgniter\View\View->render('layout/main_layout', [], true)
11 SYSTEMPATH\Common.php(1171): CodeIgniter\View\View->render('aboutPage', [], true)
12 APPPATH\Controllers\Home.php(14): view('aboutPage')
13 SYSTEMPATH\CodeIgniter.php(933): App\Controllers\Home->about()
14 SYSTEMPATH\CodeIgniter.php(509): CodeIgniter\CodeIgniter->runController(Object(App\Controllers\Home))
15 SYSTEMPATH\CodeIgniter.php(355): CodeIgniter\CodeIgniter->handleRequest(null, Object(Config\Cache), false)
16 SYSTEMPATH\Boot.php(325): CodeIgniter\CodeIgniter->run()
17 SYSTEMPATH\Boot.php(67): CodeIgniter\Boot::runCodeIgniter(Object(CodeIgniter\CodeIgniter))
18 FCPATH\index.php(56): CodeIgniter\Boot::bootWeb(Object(Config\Paths))
CRITICAL - 2024-10-15 09:09:35 --> CodeIgniter\View\Exceptions\ViewException: Invalid file: "components/css/custom_deck.php"
[Method: GET, Route: about]
in SYSTEMPATH\Exceptions\FrameworkException.php on line 41.
 1 SYSTEMPATH\View\View.php(222): CodeIgniter\Exceptions\FrameworkException::forInvalidFile('components/css/custom_deck.php')
 2 SYSTEMPATH\View\View.php(487): CodeIgniter\View\View->render('components/css/custom_deck', null, true)
 3 APPPATH\Views\components\top_layer.php(10): CodeIgniter\View\View->include('components/css/custom_deck')
 4 SYSTEMPATH\View\View.php(234): include('C:\\xampp\\htdocs\\WST-TX32-A1-Tolentino\\app\\Views\\components\\top_layer.php')
 5 SYSTEMPATH\View\View.php(237): CodeIgniter\View\View->CodeIgniter\View\{closure}()
 6 SYSTEMPATH\View\View.php(487): CodeIgniter\View\View->render('components/top_layer', null, true)
 7 APPPATH\Views\layout\main_layout.php(1): CodeIgniter\View\View->include('components/top_layer')
 8 SYSTEMPATH\View\View.php(234): include('C:\\xampp\\htdocs\\WST-TX32-A1-Tolentino\\app\\Views\\layout\\main_layout.php')
 9 SYSTEMPATH\View\View.php(237): CodeIgniter\View\View->CodeIgniter\View\{closure}()
10 SYSTEMPATH\View\View.php(250): CodeIgniter\View\View->render('layout/main_layout', [], true)
11 SYSTEMPATH\Common.php(1171): CodeIgniter\View\View->render('aboutPage', [], true)
12 APPPATH\Controllers\Home.php(14): view('aboutPage')
13 SYSTEMPATH\CodeIgniter.php(933): App\Controllers\Home->about()
14 SYSTEMPATH\CodeIgniter.php(509): CodeIgniter\CodeIgniter->runController(Object(App\Controllers\Home))
15 SYSTEMPATH\CodeIgniter.php(355): CodeIgniter\CodeIgniter->handleRequest(null, Object(Config\Cache), false)
16 SYSTEMPATH\Boot.php(325): CodeIgniter\CodeIgniter->run()
17 SYSTEMPATH\Boot.php(67): CodeIgniter\Boot::runCodeIgniter(Object(CodeIgniter\CodeIgniter))
18 FCPATH\index.php(56): CodeIgniter\Boot::bootWeb(Object(Config\Paths))
CRITICAL - 2024-10-15 09:09:35 --> CodeIgniter\View\Exceptions\ViewException: Invalid file: "components/css/custom_deck.php"
[Method: GET, Route: about]
in SYSTEMPATH\Exceptions\FrameworkException.php on line 41.
 1 SYSTEMPATH\View\View.php(222): CodeIgniter\Exceptions\FrameworkException::forInvalidFile('components/css/custom_deck.php')
 2 SYSTEMPATH\View\View.php(487): CodeIgniter\View\View->render('components/css/custom_deck', null, true)
 3 APPPATH\Views\components\top_layer.php(10): CodeIgniter\View\View->include('components/css/custom_deck')
 4 SYSTEMPATH\View\View.php(234): include('C:\\xampp\\htdocs\\WST-TX32-A1-Tolentino\\app\\Views\\components\\top_layer.php')
 5 SYSTEMPATH\View\View.php(237): CodeIgniter\View\View->CodeIgniter\View\{closure}()
 6 SYSTEMPATH\View\View.php(487): CodeIgniter\View\View->render('components/top_layer', null, true)
 7 APPPATH\Views\layout\main_layout.php(1): CodeIgniter\View\View->include('components/top_layer')
 8 SYSTEMPATH\View\View.php(234): include('C:\\xampp\\htdocs\\WST-TX32-A1-Tolentino\\app\\Views\\layout\\main_layout.php')
 9 SYSTEMPATH\View\View.php(237): CodeIgniter\View\View->CodeIgniter\View\{closure}()
10 SYSTEMPATH\View\View.php(250): CodeIgniter\View\View->render('layout/main_layout', [], true)
11 SYSTEMPATH\Common.php(1171): CodeIgniter\View\View->render('aboutPage', [], true)
12 APPPATH\Controllers\Home.php(14): view('aboutPage')
13 SYSTEMPATH\CodeIgniter.php(933): App\Controllers\Home->about()
14 SYSTEMPATH\CodeIgniter.php(509): CodeIgniter\CodeIgniter->runController(Object(App\Controllers\Home))
15 SYSTEMPATH\CodeIgniter.php(355): CodeIgniter\CodeIgniter->handleRequest(null, Object(Config\Cache), false)
16 SYSTEMPATH\Boot.php(325): CodeIgniter\CodeIgniter->run()
17 SYSTEMPATH\Boot.php(67): CodeIgniter\Boot::runCodeIgniter(Object(CodeIgniter\CodeIgniter))
18 FCPATH\index.php(56): CodeIgniter\Boot::bootWeb(Object(Config\Paths))
CRITICAL - 2024-10-15 09:09:35 --> CodeIgniter\View\Exceptions\ViewException: Invalid file: "components/css/custom_deck.php"
[Method: GET, Route: about]
in SYSTEMPATH\Exceptions\FrameworkException.php on line 41.
 1 SYSTEMPATH\View\View.php(222): CodeIgniter\Exceptions\FrameworkException::forInvalidFile('components/css/custom_deck.php')
 2 SYSTEMPATH\View\View.php(487): CodeIgniter\View\View->render('components/css/custom_deck', null, true)
 3 APPPATH\Views\components\top_layer.php(10): CodeIgniter\View\View->include('components/css/custom_deck')
 4 SYSTEMPATH\View\View.php(234): include('C:\\xampp\\htdocs\\WST-TX32-A1-Tolentino\\app\\Views\\components\\top_layer.php')
 5 SYSTEMPATH\View\View.php(237): CodeIgniter\View\View->CodeIgniter\View\{closure}()
 6 SYSTEMPATH\View\View.php(487): CodeIgniter\View\View->render('components/top_layer', null, true)
 7 APPPATH\Views\layout\main_layout.php(1): CodeIgniter\View\View->include('components/top_layer')
 8 SYSTEMPATH\View\View.php(234): include('C:\\xampp\\htdocs\\WST-TX32-A1-Tolentino\\app\\Views\\layout\\main_layout.php')
 9 SYSTEMPATH\View\View.php(237): CodeIgniter\View\View->CodeIgniter\View\{closure}()
10 SYSTEMPATH\View\View.php(250): CodeIgniter\View\View->render('layout/main_layout', [], true)
11 SYSTEMPATH\Common.php(1171): CodeIgniter\View\View->render('aboutPage', [], true)
12 APPPATH\Controllers\Home.php(14): view('aboutPage')
13 SYSTEMPATH\CodeIgniter.php(933): App\Controllers\Home->about()
14 SYSTEMPATH\CodeIgniter.php(509): CodeIgniter\CodeIgniter->runController(Object(App\Controllers\Home))
15 SYSTEMPATH\CodeIgniter.php(355): CodeIgniter\CodeIgniter->handleRequest(null, Object(Config\Cache), false)
16 SYSTEMPATH\Boot.php(325): CodeIgniter\CodeIgniter->run()
17 SYSTEMPATH\Boot.php(67): CodeIgniter\Boot::runCodeIgniter(Object(CodeIgniter\CodeIgniter))
18 FCPATH\index.php(56): CodeIgniter\Boot::bootWeb(Object(Config\Paths))
CRITICAL - 2024-10-15 09:10:53 --> CodeIgniter\View\Exceptions\ViewException: Invalid file: "public/css/custom_deck.php"
[Method: GET, Route: about]
in SYSTEMPATH\Exceptions\FrameworkException.php on line 41.
 1 SYSTEMPATH\View\View.php(222): CodeIgniter\Exceptions\FrameworkException::forInvalidFile('public/css/custom_deck.php')
 2 SYSTEMPATH\View\View.php(487): CodeIgniter\View\View->render('public/css/custom_deck', null, true)
 3 APPPATH\Views\components\top_layer.php(10): CodeIgniter\View\View->include('public/css/custom_deck')
 4 SYSTEMPATH\View\View.php(234): include('C:\\xampp\\htdocs\\WST-TX32-A1-Tolentino\\app\\Views\\components\\top_layer.php')
 5 SYSTEMPATH\View\View.php(237): CodeIgniter\View\View->CodeIgniter\View\{closure}()
 6 SYSTEMPATH\View\View.php(487): CodeIgniter\View\View->render('components/top_layer', null, true)
 7 APPPATH\Views\layout\main_layout.php(1): CodeIgniter\View\View->include('components/top_layer')
 8 SYSTEMPATH\View\View.php(234): include('C:\\xampp\\htdocs\\WST-TX32-A1-Tolentino\\app\\Views\\layout\\main_layout.php')
 9 SYSTEMPATH\View\View.php(237): CodeIgniter\View\View->CodeIgniter\View\{closure}()
10 SYSTEMPATH\View\View.php(250): CodeIgniter\View\View->render('layout/main_layout', [], true)
11 SYSTEMPATH\Common.php(1171): CodeIgniter\View\View->render('aboutPage', [], true)
12 APPPATH\Controllers\Home.php(14): view('aboutPage')
13 SYSTEMPATH\CodeIgniter.php(933): App\Controllers\Home->about()
14 SYSTEMPATH\CodeIgniter.php(509): CodeIgniter\CodeIgniter->runController(Object(App\Controllers\Home))
15 SYSTEMPATH\CodeIgniter.php(355): CodeIgniter\CodeIgniter->handleRequest(null, Object(Config\Cache), false)
16 SYSTEMPATH\Boot.php(325): CodeIgniter\CodeIgniter->run()
17 SYSTEMPATH\Boot.php(67): CodeIgniter\Boot::runCodeIgniter(Object(CodeIgniter\CodeIgniter))
18 FCPATH\index.php(56): CodeIgniter\Boot::bootWeb(Object(Config\Paths))
CRITICAL - 2024-10-15 09:10:54 --> CodeIgniter\View\Exceptions\ViewException: Invalid file: "public/css/custom_deck.php"
[Method: GET, Route: about]
in SYSTEMPATH\Exceptions\FrameworkException.php on line 41.
 1 SYSTEMPATH\View\View.php(222): CodeIgniter\Exceptions\FrameworkException::forInvalidFile('public/css/custom_deck.php')
 2 SYSTEMPATH\View\View.php(487): CodeIgniter\View\View->render('public/css/custom_deck', null, true)
 3 APPPATH\Views\components\top_layer.php(10): CodeIgniter\View\View->include('public/css/custom_deck')
 4 SYSTEMPATH\View\View.php(234): include('C:\\xampp\\htdocs\\WST-TX32-A1-Tolentino\\app\\Views\\components\\top_layer.php')
 5 SYSTEMPATH\View\View.php(237): CodeIgniter\View\View->CodeIgniter\View\{closure}()
 6 SYSTEMPATH\View\View.php(487): CodeIgniter\View\View->render('components/top_layer', null, true)
 7 APPPATH\Views\layout\main_layout.php(1): CodeIgniter\View\View->include('components/top_layer')
 8 SYSTEMPATH\View\View.php(234): include('C:\\xampp\\htdocs\\WST-TX32-A1-Tolentino\\app\\Views\\layout\\main_layout.php')
 9 SYSTEMPATH\View\View.php(237): CodeIgniter\View\View->CodeIgniter\View\{closure}()
10 SYSTEMPATH\View\View.php(250): CodeIgniter\View\View->render('layout/main_layout', [], true)
11 SYSTEMPATH\Common.php(1171): CodeIgniter\View\View->render('aboutPage', [], true)
12 APPPATH\Controllers\Home.php(14): view('aboutPage')
13 SYSTEMPATH\CodeIgniter.php(933): App\Controllers\Home->about()
14 SYSTEMPATH\CodeIgniter.php(509): CodeIgniter\CodeIgniter->runController(Object(App\Controllers\Home))
15 SYSTEMPATH\CodeIgniter.php(355): CodeIgniter\CodeIgniter->handleRequest(null, Object(Config\Cache), false)
16 SYSTEMPATH\Boot.php(325): CodeIgniter\CodeIgniter->run()
17 SYSTEMPATH\Boot.php(67): CodeIgniter\Boot::runCodeIgniter(Object(CodeIgniter\CodeIgniter))
18 FCPATH\index.php(56): CodeIgniter\Boot::bootWeb(Object(Config\Paths))
CRITICAL - 2024-10-15 09:10:54 --> CodeIgniter\View\Exceptions\ViewException: Invalid file: "public/css/custom_deck.php"
[Method: GET, Route: about]
in SYSTEMPATH\Exceptions\FrameworkException.php on line 41.
 1 SYSTEMPATH\View\View.php(222): CodeIgniter\Exceptions\FrameworkException::forInvalidFile('public/css/custom_deck.php')
 2 SYSTEMPATH\View\View.php(487): CodeIgniter\View\View->render('public/css/custom_deck', null, true)
 3 APPPATH\Views\components\top_layer.php(10): CodeIgniter\View\View->include('public/css/custom_deck')
 4 SYSTEMPATH\View\View.php(234): include('C:\\xampp\\htdocs\\WST-TX32-A1-Tolentino\\app\\Views\\components\\top_layer.php')
 5 SYSTEMPATH\View\View.php(237): CodeIgniter\View\View->CodeIgniter\View\{closure}()
 6 SYSTEMPATH\View\View.php(487): CodeIgniter\View\View->render('components/top_layer', null, true)
 7 APPPATH\Views\layout\main_layout.php(1): CodeIgniter\View\View->include('components/top_layer')
 8 SYSTEMPATH\View\View.php(234): include('C:\\xampp\\htdocs\\WST-TX32-A1-Tolentino\\app\\Views\\layout\\main_layout.php')
 9 SYSTEMPATH\View\View.php(237): CodeIgniter\View\View->CodeIgniter\View\{closure}()
10 SYSTEMPATH\View\View.php(250): CodeIgniter\View\View->render('layout/main_layout', [], true)
11 SYSTEMPATH\Common.php(1171): CodeIgniter\View\View->render('aboutPage', [], true)
12 APPPATH\Controllers\Home.php(14): view('aboutPage')
13 SYSTEMPATH\CodeIgniter.php(933): App\Controllers\Home->about()
14 SYSTEMPATH\CodeIgniter.php(509): CodeIgniter\CodeIgniter->runController(Object(App\Controllers\Home))
15 SYSTEMPATH\CodeIgniter.php(355): CodeIgniter\CodeIgniter->handleRequest(null, Object(Config\Cache), false)
16 SYSTEMPATH\Boot.php(325): CodeIgniter\CodeIgniter->run()
17 SYSTEMPATH\Boot.php(67): CodeIgniter\Boot::runCodeIgniter(Object(CodeIgniter\CodeIgniter))
18 FCPATH\index.php(56): CodeIgniter\Boot::bootWeb(Object(Config\Paths))
CRITICAL - 2024-10-15 09:11:12 --> CodeIgniter\View\Exceptions\ViewException: Invalid file: "public/css/custom_deck.php"
[Method: GET, Route: /]
in SYSTEMPATH\Exceptions\FrameworkException.php on line 41.
 1 SYSTEMPATH\View\View.php(222): CodeIgniter\Exceptions\FrameworkException::forInvalidFile('public/css/custom_deck.php')
 2 SYSTEMPATH\View\View.php(487): CodeIgniter\View\View->render('public/css/custom_deck', null, true)
 3 APPPATH\Views\components\top_layer.php(10): CodeIgniter\View\View->include('public/css/custom_deck')
 4 SYSTEMPATH\View\View.php(234): include('C:\\xampp\\htdocs\\WST-TX32-A1-Tolentino\\app\\Views\\components\\top_layer.php')
 5 SYSTEMPATH\View\View.php(237): CodeIgniter\View\View->CodeIgniter\View\{closure}()
 6 SYSTEMPATH\View\View.php(487): CodeIgniter\View\View->render('components/top_layer', null, true)
 7 APPPATH\Views\layout\main_layout.php(1): CodeIgniter\View\View->include('components/top_layer')
 8 SYSTEMPATH\View\View.php(234): include('C:\\xampp\\htdocs\\WST-TX32-A1-Tolentino\\app\\Views\\layout\\main_layout.php')
 9 SYSTEMPATH\View\View.php(237): CodeIgniter\View\View->CodeIgniter\View\{closure}()
10 SYSTEMPATH\View\View.php(250): CodeIgniter\View\View->render('layout/main_layout', [], true)
11 SYSTEMPATH\Common.php(1171): CodeIgniter\View\View->render('landingPage', [], true)
12 APPPATH\Controllers\Home.php(9): view('landingPage')
13 SYSTEMPATH\CodeIgniter.php(933): App\Controllers\Home->landing()
14 SYSTEMPATH\CodeIgniter.php(509): CodeIgniter\CodeIgniter->runController(Object(App\Controllers\Home))
15 SYSTEMPATH\CodeIgniter.php(355): CodeIgniter\CodeIgniter->handleRequest(null, Object(Config\Cache), false)
16 SYSTEMPATH\Boot.php(325): CodeIgniter\CodeIgniter->run()
17 SYSTEMPATH\Boot.php(67): CodeIgniter\Boot::runCodeIgniter(Object(CodeIgniter\CodeIgniter))
18 FCPATH\index.php(56): CodeIgniter\Boot::bootWeb(Object(Config\Paths))
CRITICAL - 2024-10-15 09:11:14 --> CodeIgniter\View\Exceptions\ViewException: Invalid file: "public/css/custom_deck.php"
[Method: GET, Route: /]
in SYSTEMPATH\Exceptions\FrameworkException.php on line 41.
 1 SYSTEMPATH\View\View.php(222): CodeIgniter\Exceptions\FrameworkException::forInvalidFile('public/css/custom_deck.php')
 2 SYSTEMPATH\View\View.php(487): CodeIgniter\View\View->render('public/css/custom_deck', null, true)
 3 APPPATH\Views\components\top_layer.php(10): CodeIgniter\View\View->include('public/css/custom_deck')
 4 SYSTEMPATH\View\View.php(234): include('C:\\xampp\\htdocs\\WST-TX32-A1-Tolentino\\app\\Views\\components\\top_layer.php')
 5 SYSTEMPATH\View\View.php(237): CodeIgniter\View\View->CodeIgniter\View\{closure}()
 6 SYSTEMPATH\View\View.php(487): CodeIgniter\View\View->render('components/top_layer', null, true)
 7 APPPATH\Views\layout\main_layout.php(1): CodeIgniter\View\View->include('components/top_layer')
 8 SYSTEMPATH\View\View.php(234): include('C:\\xampp\\htdocs\\WST-TX32-A1-Tolentino\\app\\Views\\layout\\main_layout.php')
 9 SYSTEMPATH\View\View.php(237): CodeIgniter\View\View->CodeIgniter\View\{closure}()
10 SYSTEMPATH\View\View.php(250): CodeIgniter\View\View->render('layout/main_layout', [], true)
11 SYSTEMPATH\Common.php(1171): CodeIgniter\View\View->render('landingPage', [], true)
12 APPPATH\Controllers\Home.php(9): view('landingPage')
13 SYSTEMPATH\CodeIgniter.php(933): App\Controllers\Home->landing()
14 SYSTEMPATH\CodeIgniter.php(509): CodeIgniter\CodeIgniter->runController(Object(App\Controllers\Home))
15 SYSTEMPATH\CodeIgniter.php(355): CodeIgniter\CodeIgniter->handleRequest(null, Object(Config\Cache), false)
16 SYSTEMPATH\Boot.php(325): CodeIgniter\CodeIgniter->run()
17 SYSTEMPATH\Boot.php(67): CodeIgniter\Boot::runCodeIgniter(Object(CodeIgniter\CodeIgniter))
18 FCPATH\index.php(56): CodeIgniter\Boot::bootWeb(Object(Config\Paths))
CRITICAL - 2024-10-15 09:12:45 --> CodeIgniter\View\Exceptions\ViewException: Invalid file: "public/css/custom_deck.php"
[Method: GET, Route: /]
in SYSTEMPATH\Exceptions\FrameworkException.php on line 41.
 1 SYSTEMPATH\View\View.php(222): CodeIgniter\Exceptions\FrameworkException::forInvalidFile('public/css/custom_deck.php')
 2 SYSTEMPATH\View\View.php(487): CodeIgniter\View\View->render('public/css/custom_deck', null, true)
 3 APPPATH\Views\components\top_layer.php(10): CodeIgniter\View\View->include('public/css/custom_deck')
 4 SYSTEMPATH\View\View.php(234): include('C:\\xampp\\htdocs\\WST-TX32-A1-Tolentino\\app\\Views\\components\\top_layer.php')
 5 SYSTEMPATH\View\View.php(237): CodeIgniter\View\View->CodeIgniter\View\{closure}()
 6 SYSTEMPATH\View\View.php(487): CodeIgniter\View\View->render('components/top_layer', null, true)
 7 APPPATH\Views\layout\main_layout.php(1): CodeIgniter\View\View->include('components/top_layer')
 8 SYSTEMPATH\View\View.php(234): include('C:\\xampp\\htdocs\\WST-TX32-A1-Tolentino\\app\\Views\\layout\\main_layout.php')
 9 SYSTEMPATH\View\View.php(237): CodeIgniter\View\View->CodeIgniter\View\{closure}()
10 SYSTEMPATH\View\View.php(250): CodeIgniter\View\View->render('layout/main_layout', [], true)
11 SYSTEMPATH\Common.php(1171): CodeIgniter\View\View->render('landingPage', [], true)
12 APPPATH\Controllers\Home.php(9): view('landingPage')
13 SYSTEMPATH\CodeIgniter.php(933): App\Controllers\Home->landing()
14 SYSTEMPATH\CodeIgniter.php(509): CodeIgniter\CodeIgniter->runController(Object(App\Controllers\Home))
15 SYSTEMPATH\CodeIgniter.php(355): CodeIgniter\CodeIgniter->handleRequest(null, Object(Config\Cache), false)
16 SYSTEMPATH\Boot.php(325): CodeIgniter\CodeIgniter->run()
17 SYSTEMPATH\Boot.php(67): CodeIgniter\Boot::runCodeIgniter(Object(CodeIgniter\CodeIgniter))
18 FCPATH\index.php(56): CodeIgniter\Boot::bootWeb(Object(Config\Paths))
CRITICAL - 2024-10-15 09:12:46 --> CodeIgniter\View\Exceptions\ViewException: Invalid file: "public/css/custom_deck.php"
[Method: GET, Route: /]
in SYSTEMPATH\Exceptions\FrameworkException.php on line 41.
 1 SYSTEMPATH\View\View.php(222): CodeIgniter\Exceptions\FrameworkException::forInvalidFile('public/css/custom_deck.php')
 2 SYSTEMPATH\View\View.php(487): CodeIgniter\View\View->render('public/css/custom_deck', null, true)
 3 APPPATH\Views\components\top_layer.php(10): CodeIgniter\View\View->include('public/css/custom_deck')
 4 SYSTEMPATH\View\View.php(234): include('C:\\xampp\\htdocs\\WST-TX32-A1-Tolentino\\app\\Views\\components\\top_layer.php')
 5 SYSTEMPATH\View\View.php(237): CodeIgniter\View\View->CodeIgniter\View\{closure}()
 6 SYSTEMPATH\View\View.php(487): CodeIgniter\View\View->render('components/top_layer', null, true)
 7 APPPATH\Views\layout\main_layout.php(1): CodeIgniter\View\View->include('components/top_layer')
 8 SYSTEMPATH\View\View.php(234): include('C:\\xampp\\htdocs\\WST-TX32-A1-Tolentino\\app\\Views\\layout\\main_layout.php')
 9 SYSTEMPATH\View\View.php(237): CodeIgniter\View\View->CodeIgniter\View\{closure}()
10 SYSTEMPATH\View\View.php(250): CodeIgniter\View\View->render('layout/main_layout', [], true)
11 SYSTEMPATH\Common.php(1171): CodeIgniter\View\View->render('landingPage', [], true)
12 APPPATH\Controllers\Home.php(9): view('landingPage')
13 SYSTEMPATH\CodeIgniter.php(933): App\Controllers\Home->landing()
14 SYSTEMPATH\CodeIgniter.php(509): CodeIgniter\CodeIgniter->runController(Object(App\Controllers\Home))
15 SYSTEMPATH\CodeIgniter.php(355): CodeIgniter\CodeIgniter->handleRequest(null, Object(Config\Cache), false)
16 SYSTEMPATH\Boot.php(325): CodeIgniter\CodeIgniter->run()
17 SYSTEMPATH\Boot.php(67): CodeIgniter\Boot::runCodeIgniter(Object(CodeIgniter\CodeIgniter))
18 FCPATH\index.php(56): CodeIgniter\Boot::bootWeb(Object(Config\Paths))
CRITICAL - 2024-10-15 09:12:46 --> CodeIgniter\View\Exceptions\ViewException: Invalid file: "public/css/custom_deck.php"
[Method: GET, Route: /]
in SYSTEMPATH\Exceptions\FrameworkException.php on line 41.
 1 SYSTEMPATH\View\View.php(222): CodeIgniter\Exceptions\FrameworkException::forInvalidFile('public/css/custom_deck.php')
 2 SYSTEMPATH\View\View.php(487): CodeIgniter\View\View->render('public/css/custom_deck', null, true)
 3 APPPATH\Views\components\top_layer.php(10): CodeIgniter\View\View->include('public/css/custom_deck')
 4 SYSTEMPATH\View\View.php(234): include('C:\\xampp\\htdocs\\WST-TX32-A1-Tolentino\\app\\Views\\components\\top_layer.php')
 5 SYSTEMPATH\View\View.php(237): CodeIgniter\View\View->CodeIgniter\View\{closure}()
 6 SYSTEMPATH\View\View.php(487): CodeIgniter\View\View->render('components/top_layer', null, true)
 7 APPPATH\Views\layout\main_layout.php(1): CodeIgniter\View\View->include('components/top_layer')
 8 SYSTEMPATH\View\View.php(234): include('C:\\xampp\\htdocs\\WST-TX32-A1-Tolentino\\app\\Views\\layout\\main_layout.php')
 9 SYSTEMPATH\View\View.php(237): CodeIgniter\View\View->CodeIgniter\View\{closure}()
10 SYSTEMPATH\View\View.php(250): CodeIgniter\View\View->render('layout/main_layout', [], true)
11 SYSTEMPATH\Common.php(1171): CodeIgniter\View\View->render('landingPage', [], true)
12 APPPATH\Controllers\Home.php(9): view('landingPage')
13 SYSTEMPATH\CodeIgniter.php(933): App\Controllers\Home->landing()
14 SYSTEMPATH\CodeIgniter.php(509): CodeIgniter\CodeIgniter->runController(Object(App\Controllers\Home))
15 SYSTEMPATH\CodeIgniter.php(355): CodeIgniter\CodeIgniter->handleRequest(null, Object(Config\Cache), false)
16 SYSTEMPATH\Boot.php(325): CodeIgniter\CodeIgniter->run()
17 SYSTEMPATH\Boot.php(67): CodeIgniter\Boot::runCodeIgniter(Object(CodeIgniter\CodeIgniter))
18 FCPATH\index.php(56): CodeIgniter\Boot::bootWeb(Object(Config\Paths))
CRITICAL - 2024-10-15 09:12:46 --> CodeIgniter\View\Exceptions\ViewException: Invalid file: "public/css/custom_deck.php"
[Method: GET, Route: /]
in SYSTEMPATH\Exceptions\FrameworkException.php on line 41.
 1 SYSTEMPATH\View\View.php(222): CodeIgniter\Exceptions\FrameworkException::forInvalidFile('public/css/custom_deck.php')
 2 SYSTEMPATH\View\View.php(487): CodeIgniter\View\View->render('public/css/custom_deck', null, true)
 3 APPPATH\Views\components\top_layer.php(10): CodeIgniter\View\View->include('public/css/custom_deck')
 4 SYSTEMPATH\View\View.php(234): include('C:\\xampp\\htdocs\\WST-TX32-A1-Tolentino\\app\\Views\\components\\top_layer.php')
 5 SYSTEMPATH\View\View.php(237): CodeIgniter\View\View->CodeIgniter\View\{closure}()
 6 SYSTEMPATH\View\View.php(487): CodeIgniter\View\View->render('components/top_layer', null, true)
 7 APPPATH\Views\layout\main_layout.php(1): CodeIgniter\View\View->include('components/top_layer')
 8 SYSTEMPATH\View\View.php(234): include('C:\\xampp\\htdocs\\WST-TX32-A1-Tolentino\\app\\Views\\layout\\main_layout.php')
 9 SYSTEMPATH\View\View.php(237): CodeIgniter\View\View->CodeIgniter\View\{closure}()
10 SYSTEMPATH\View\View.php(250): CodeIgniter\View\View->render('layout/main_layout', [], true)
11 SYSTEMPATH\Common.php(1171): CodeIgniter\View\View->render('landingPage', [], true)
12 APPPATH\Controllers\Home.php(9): view('landingPage')
13 SYSTEMPATH\CodeIgniter.php(933): App\Controllers\Home->landing()
14 SYSTEMPATH\CodeIgniter.php(509): CodeIgniter\CodeIgniter->runController(Object(App\Controllers\Home))
15 SYSTEMPATH\CodeIgniter.php(355): CodeIgniter\CodeIgniter->handleRequest(null, Object(Config\Cache), false)
16 SYSTEMPATH\Boot.php(325): CodeIgniter\CodeIgniter->run()
17 SYSTEMPATH\Boot.php(67): CodeIgniter\Boot::runCodeIgniter(Object(CodeIgniter\CodeIgniter))
18 FCPATH\index.php(56): CodeIgniter\Boot::bootWeb(Object(Config\Paths))
CRITICAL - 2024-10-15 09:12:46 --> CodeIgniter\View\Exceptions\ViewException: Invalid file: "public/css/custom_deck.php"
[Method: GET, Route: /]
in SYSTEMPATH\Exceptions\FrameworkException.php on line 41.
 1 SYSTEMPATH\View\View.php(222): CodeIgniter\Exceptions\FrameworkException::forInvalidFile('public/css/custom_deck.php')
 2 SYSTEMPATH\View\View.php(487): CodeIgniter\View\View->render('public/css/custom_deck', null, true)
 3 APPPATH\Views\components\top_layer.php(10): CodeIgniter\View\View->include('public/css/custom_deck')
 4 SYSTEMPATH\View\View.php(234): include('C:\\xampp\\htdocs\\WST-TX32-A1-Tolentino\\app\\Views\\components\\top_layer.php')
 5 SYSTEMPATH\View\View.php(237): CodeIgniter\View\View->CodeIgniter\View\{closure}()
 6 SYSTEMPATH\View\View.php(487): CodeIgniter\View\View->render('components/top_layer', null, true)
 7 APPPATH\Views\layout\main_layout.php(1): CodeIgniter\View\View->include('components/top_layer')
 8 SYSTEMPATH\View\View.php(234): include('C:\\xampp\\htdocs\\WST-TX32-A1-Tolentino\\app\\Views\\layout\\main_layout.php')
 9 SYSTEMPATH\View\View.php(237): CodeIgniter\View\View->CodeIgniter\View\{closure}()
10 SYSTEMPATH\View\View.php(250): CodeIgniter\View\View->render('layout/main_layout', [], true)
11 SYSTEMPATH\Common.php(1171): CodeIgniter\View\View->render('landingPage', [], true)
12 APPPATH\Controllers\Home.php(9): view('landingPage')
13 SYSTEMPATH\CodeIgniter.php(933): App\Controllers\Home->landing()
14 SYSTEMPATH\CodeIgniter.php(509): CodeIgniter\CodeIgniter->runController(Object(App\Controllers\Home))
15 SYSTEMPATH\CodeIgniter.php(355): CodeIgniter\CodeIgniter->handleRequest(null, Object(Config\Cache), false)
16 SYSTEMPATH\Boot.php(325): CodeIgniter\CodeIgniter->run()
17 SYSTEMPATH\Boot.php(67): CodeIgniter\Boot::runCodeIgniter(Object(CodeIgniter\CodeIgniter))
18 FCPATH\index.php(56): CodeIgniter\Boot::bootWeb(Object(Config\Paths))
